<?xml version="1.0" encoding="UTF-8"?>
<!-- Generated by org.testng.reporters.JUnitReportReporter -->
<testsuite hostname="AKSAINI-AT37S" name="KeywordDriven.Selenium.Test.TestController" tests="1" failures="0" timestamp="16 Sep 2017 22:55:00 GMT" time="78.338" errors="0">
  <testcase name="TestCaseController" time="78.338" classname="KeywordDriven.Selenium.Test.TestController"/>
</testsuite> <!-- KeywordDriven.Selenium.Test.TestController -->
